{"contracts/Exactly.sol":{"l":{"45":14,"46":14,"47":14,"48":14,"49":14,"53":16,"54":15,"58":11,"60":10,"62":9,"64":9,"66":9,"70":4,"72":3,"74":2,"76":2,"78":2,"80":2,"82":2,"84":2,"88":1,"89":1,"90":3,"95":1,"96":1,"97":1,"98":2,"99":2,"100":2,"106":2,"110":2,"114":2,"118":3},"path":"/mnt/c/Users/Marko/Desktop/Marko/Blockchain/exactly-decentralized-twitter/contracts/Exactly.sol","s":{"1":14,"2":14,"3":14,"4":14,"5":16,"6":15,"7":11,"8":10,"9":9,"10":9,"11":4,"12":3,"13":2,"14":2,"15":2,"16":2,"17":2,"18":2,"19":1,"20":1,"21":3,"22":1,"23":1,"24":1,"25":2,"26":2,"27":2,"28":2,"29":2,"30":3},"b":{"1":[1,15],"2":[1,10],"3":[1,9],"4":[1,3],"5":[1,2],"6":[0,2],"7":[2,0]},"f":{"1":3,"2":14,"3":16,"4":11,"5":4,"6":1,"7":1,"8":2,"9":2,"10":2,"11":3},"fnMap":{"1":{"name":"constructor","line":42,"loc":{"start":{"line":42,"column":4},"end":{"line":42,"column":44}}},"2":{"name":"mint","line":44,"loc":{"start":{"line":44,"column":4},"end":{"line":50,"column":4}}},"3":{"name":"setProfile","line":52,"loc":{"start":{"line":52,"column":4},"end":{"line":55,"column":4}}},"4":{"name":"uploadPost","line":57,"loc":{"start":{"line":57,"column":4},"end":{"line":67,"column":4}}},"5":{"name":"tipPost","line":69,"loc":{"start":{"line":69,"column":4},"end":{"line":85,"column":4}}},"6":{"name":"getAllPosts","line":87,"loc":{"start":{"line":87,"column":4},"end":{"line":92,"column":4}}},"7":{"name":"getMyNfts","line":94,"loc":{"start":{"line":94,"column":4},"end":{"line":103,"column":4}}},"8":{"name":"getTokenCount","line":105,"loc":{"start":{"line":105,"column":4},"end":{"line":107,"column":4}}},"9":{"name":"getPostCount","line":109,"loc":{"start":{"line":109,"column":4},"end":{"line":111,"column":4}}},"10":{"name":"getPost","line":113,"loc":{"start":{"line":113,"column":4},"end":{"line":115,"column":4}}},"11":{"name":"getTokenIdForProfile","line":117,"loc":{"start":{"line":117,"column":4},"end":{"line":119,"column":4}}}},"statementMap":{"1":{"start":{"line":46,"column":8},"end":{"line":46,"column":42}},"2":{"start":{"line":47,"column":8},"end":{"line":47,"column":44}},"3":{"start":{"line":48,"column":8},"end":{"line":48,"column":31}},"4":{"start":{"line":49,"column":8},"end":{"line":49,"column":27}},"5":{"start":{"line":53,"column":8},"end":{"line":53,"column":71}},"6":{"start":{"line":54,"column":8},"end":{"line":54,"column":48}},"7":{"start":{"line":58,"column":8},"end":{"line":58,"column":74}},"8":{"start":{"line":60,"column":8},"end":{"line":60,"column":77}},"9":{"start":{"line":64,"column":8},"end":{"line":64,"column":92}},"10":{"start":{"line":66,"column":8},"end":{"line":66,"column":81}},"11":{"start":{"line":70,"column":8},"end":{"line":70,"column":93}},"12":{"start":{"line":72,"column":8},"end":{"line":72,"column":66}},"13":{"start":{"line":74,"column":8},"end":{"line":74,"column":54}},"14":{"start":{"line":76,"column":8},"end":{"line":76,"column":76}},"15":{"start":{"line":78,"column":8},"end":{"line":78,"column":39}},"16":{"start":{"line":80,"column":8},"end":{"line":80,"column":52}},"17":{"start":{"line":82,"column":8},"end":{"line":82,"column":41}},"18":{"start":{"line":84,"column":8},"end":{"line":84,"column":91}},"19":{"start":{"line":88,"column":8},"end":{"line":88,"column":39}},"20":{"start":{"line":89,"column":8},"end":{"line":89,"column":2893}},"21":{"start":{"line":90,"column":12},"end":{"line":90,"column":47}},"22":{"start":{"line":95,"column":8},"end":{"line":95,"column":55}},"23":{"start":{"line":96,"column":8},"end":{"line":96,"column":30}},"24":{"start":{"line":97,"column":8},"end":{"line":97,"column":3180}},"25":{"start":{"line":98,"column":12},"end":{"line":98,"column":3242}},"26":{"start":{"line":99,"column":16},"end":{"line":99,"column":40}},"27":{"start":{"line":106,"column":8},"end":{"line":106,"column":27}},"28":{"start":{"line":110,"column":8},"end":{"line":110,"column":27}},"29":{"start":{"line":114,"column":8},"end":{"line":114,"column":43}},"30":{"start":{"line":118,"column":8},"end":{"line":118,"column":42}}},"branchMap":{"1":{"line":53,"type":"if","locations":[{"start":{"line":53,"column":8},"end":{"line":53,"column":8}},{"start":{"line":53,"column":8},"end":{"line":53,"column":8}}]},"2":{"line":58,"type":"if","locations":[{"start":{"line":58,"column":8},"end":{"line":58,"column":8}},{"start":{"line":58,"column":8},"end":{"line":58,"column":8}}]},"3":{"line":60,"type":"if","locations":[{"start":{"line":60,"column":8},"end":{"line":60,"column":8}},{"start":{"line":60,"column":8},"end":{"line":60,"column":8}}]},"4":{"line":70,"type":"if","locations":[{"start":{"line":70,"column":8},"end":{"line":70,"column":8}},{"start":{"line":70,"column":8},"end":{"line":70,"column":8}}]},"5":{"line":72,"type":"if","locations":[{"start":{"line":72,"column":8},"end":{"line":72,"column":8}},{"start":{"line":72,"column":8},"end":{"line":72,"column":8}}]},"6":{"line":76,"type":"if","locations":[{"start":{"line":76,"column":8},"end":{"line":76,"column":8}},{"start":{"line":76,"column":8},"end":{"line":76,"column":8}}]},"7":{"line":98,"type":"if","locations":[{"start":{"line":98,"column":12},"end":{"line":98,"column":12}},{"start":{"line":98,"column":12},"end":{"line":98,"column":12}}]}}}}